# JRE version: Java(TM) SE Runtime Environment (8.0_51-b16) (build 1.8.0_51-b16)
# Java VM: Java HotSpot(TM) Client VM (25.51-b03 mixed mode windows-x86 )
Heap:
 def new generation   total 9920K, used 3782K [0x03c00000, 0x046c0000, 0x09150000)
  eden space 8832K,  39% used [0x03c00000, 0x03f5e250, 0x044a0000)
  from space 1088K,  30% used [0x045b0000, 0x04603868, 0x046c0000)
  to   space 1088K,   0% used [0x044a0000, 0x044a0000, 0x045b0000)
 tenured generation   total 21924K, used 16106K [0x09150000, 0x0a6b9000, 0x13c00000)
   the space 21924K,  73% used [0x09150000, 0x0a10abc0, 0x0a10ac00, 0x0a6b9000)
 Metaspace       used 12209K, capacity 12405K, committed 12544K, reserved 12672K
GC Heap History (10 events):
Event: 11.514 GC heap before
{Heap before GC invocations=4 (full 0):
 def new generation   total 4928K, used 4928K [0x03c00000, 0x04150000, 0x09150000)
  eden space 4416K, 100% used [0x03c00000, 0x04050000, 0x04050000)
  from space 512K, 100% used [0x04050000, 0x040d0000, 0x040d0000)
  to   space 512K,   0% used [0x040d0000, 0x040d0000, 0x04150000)
 tenured generation   total 10944K, used 5199K [0x09150000, 0x09c00000, 0x13c00000)
   the space 10944K,  47% used [0x09150000, 0x09663cf0, 0x09663e00, 0x09c00000)
 Metaspace       used 10927K, capacity 11112K, committed 11264K, reserved 11648K
Event: 11.519 GC heap after
Heap after GC invocations=5 (full 0):
 def new generation   total 4928K, used 512K [0x03c00000, 0x04150000, 0x09150000)
  eden space 4416K,   0% used [0x03c00000, 0x03c00000, 0x04050000)
  from space 512K, 100% used [0x040d0000, 0x04150000, 0x04150000)
  to   space 512K,   0% used [0x04050000, 0x04050000, 0x040d0000)
 tenured generation   total 10944K, used 6232K [0x09150000, 0x09c00000, 0x13c00000)
   the space 10944K,  56% used [0x09150000, 0x09766268, 0x09766400, 0x09c00000)
 Metaspace       used 10927K, capacity 11112K, committed 11264K, reserved 11648K
}
Event: 19.858 GC heap before
{Heap before GC invocations=5 (full 0):
 def new generation   total 4928K, used 4923K [0x03c00000, 0x04150000, 0x09150000)
  eden space 4416K,  99% used [0x03c00000, 0x0404ee70, 0x04050000)
  from space 512K, 100% used [0x040d0000, 0x04150000, 0x04150000)
  to   space 512K,   0% used [0x04050000, 0x04050000, 0x040d0000)
 tenured generation   total 10944K, used 6232K [0x09150000, 0x09c00000, 0x13c00000)
   the space 10944K,  56% used [0x09150000, 0x09766268, 0x09766400, 0x09c00000)
 Metaspace       used 11903K, capacity 12124K, committed 12288K, reserved 12672K
Event: 19.869 GC heap after
Heap after GC invocations=6 (full 0):
 def new generation   total 4928K, used 512K [0x03c00000, 0x04150000, 0x09150000)
  eden space 4416K,   0% used [0x03c00000, 0x03c00000, 0x04050000)
  from space 512K, 100% used [0x04050000, 0x040d0000, 0x040d0000)
  to   space 512K,   0% used [0x040d0000, 0x040d0000, 0x04150000)
 tenured generation   total 10944K, used 7393K [0x09150000, 0x09c00000, 0x13c00000)
   the space 10944K,  67% used [0x09150000, 0x09888598, 0x09888600, 0x09c00000)
 Metaspace       used 11903K, capacity 12124K, committed 12288K, reserved 12672K
}
Event: 19.885 GC heap before
{Heap before GC invocations=6 (full 0):
 def new generation   total 4928K, used 2527K [0x03c00000, 0x04150000, 0x09150000)
  eden space 4416K,  45% used [0x03c00000, 0x03df7e48, 0x04050000)
  from space 512K, 100% used [0x04050000, 0x040d0000, 0x040d0000)
  to   space 512K,   0% used [0x040d0000, 0x040d0000, 0x04150000)
 tenured generation   total 10944K, used 7393K [0x09150000, 0x09c00000, 0x13c00000)
   the space 10944K,  67% used [0x09150000, 0x09888598, 0x09888600, 0x09c00000)
 Metaspace       used 11903K, capacity 12124K, committed 12288K, reserved 12672K
Event: 19.890 GC heap after
Heap after GC invocations=7 (full 0):
 def new generation   total 4928K, used 13K [0x03c00000, 0x04150000, 0x09150000)
  eden space 4416K,   0% used [0x03c00000, 0x03c00000, 0x04050000)
  from space 512K,   2% used [0x040d0000, 0x040d3750, 0x04150000)
  to   space 512K,   0% used [0x04050000, 0x04050000, 0x040d0000)
 tenured generation   total 10944K, used 9744K [0x09150000, 0x09c00000, 0x13c00000)
   the space 10944K,  89% used [0x09150000, 0x09ad4188, 0x09ad4200, 0x09c00000)
 Metaspace       used 11903K, capacity 12124K, committed 12288K, reserved 12672K
}
Event: 19.893 GC heap before
{Heap before GC invocations=7 (full 0):
 def new generation   total 4928K, used 4426K [0x03c00000, 0x04150000, 0x09150000)
  eden space 4416K,  99% used [0x03c00000, 0x0404f170, 0x04050000)
  from space 512K,   2% used [0x040d0000, 0x040d3750, 0x04150000)
  to   space 512K,   0% used [0x04050000, 0x04050000, 0x040d0000)
 tenured generation   total 10944K, used 9744K [0x09150000, 0x09c00000, 0x13c00000)
   the space 10944K,  89% used [0x09150000, 0x09ad4188, 0x09ad4200, 0x09c00000)
 Metaspace       used 11903K, capacity 12124K, committed 12288K, reserved 12672K
Event: 19.930 GC heap after
Heap after GC invocations=8 (full 1):
 def new generation   total 9920K, used 0K [0x03c00000, 0x046c0000, 0x09150000)
  eden space 8832K,   0% used [0x03c00000, 0x03c00000, 0x044a0000)
  from space 1088K,   0% used [0x044a0000, 0x044a0000, 0x045b0000)
  to   space 1088K,   0% used [0x045b0000, 0x045b0000, 0x046c0000)
 tenured generation   total 21924K, used 13153K [0x09150000, 0x0a6b9000, 0x13c00000)
   the space 21924K,  59% used [0x09150000, 0x09e285b0, 0x09e28600, 0x0a6b9000)
 Metaspace       used 11899K, capacity 12112K, committed 12288K, reserved 12672K
}
Event: 20.359 GC heap before
{Heap before GC invocations=8 (full 1):
 def new generation   total 9920K, used 8832K [0x03c00000, 0x046c0000, 0x09150000)
  eden space 8832K, 100% used [0x03c00000, 0x044a0000, 0x044a0000)
  from space 1088K,   0% used [0x044a0000, 0x044a0000, 0x045b0000)
  to   space 1088K,   0% used [0x045b0000, 0x045b0000, 0x046c0000)
 tenured generation   total 21924K, used 13153K [0x09150000, 0x0a6b9000, 0x13c00000)
   the space 21924K,  59% used [0x09150000, 0x09e285b0, 0x09e28600, 0x0a6b9000)
 Metaspace       used 11904K, capacity 12112K, committed 12288K, reserved 12672K
Event: 20.367 GC heap after
Heap after GC invocations=9 (full 1):
 def new generation   total 9920K, used 334K [0x03c00000, 0x046c0000, 0x09150000)
  eden space 8832K,   0% used [0x03c00000, 0x03c00000, 0x044a0000)
  from space 1088K,  30% used [0x045b0000, 0x04603868, 0x046c0000)
  to   space 1088K,   0% used [0x044a0000, 0x044a0000, 0x045b0000)
 tenured generation   total 21924K, used 16106K [0x09150000, 0x0a6b9000, 0x13c00000)
   the space 21924K,  73% used [0x09150000, 0x0a10abc0, 0x0a10ac00, 0x0a6b9000)
 Metaspace       used 11904K, capacity 12112K, committed 12288K, reserved 12672K
}

